<?xml version="1.0" encoding="UTF-8"?>
<testsuite name="ru.aphecoculture.tgbot.gitlab.command.StartCommandTest" tests="2" skipped="0" failures="0" errors="0" timestamp="2024-07-22T13:30:54" hostname="Stanislavs-MacBook-Pro.local" time="0.327">
  <properties/>
  <testcase name="execute()" classname="ru.aphecoculture.tgbot.gitlab.command.StartCommandTest" time="0.323"/>
  <testcase name="getName()" classname="ru.aphecoculture.tgbot.gitlab.command.StartCommandTest" time="0.002"/>
  <system-out><![CDATA[
  .   ____          _            __ _ _
 /\\ / ___'_ __ _ _(_)_ __  __ _ \ \ \ \
( ( )\___ | '_ | '_| | '_ \/ _` | \ \ \ \
 \\/  ___)| |_)| | | | | || (_| |  ) ) ) )
  '  |____| .__|_| |_|_| |_\__, | / / / /
 =========|_|==============|___/=/_/_/_/

 :: Spring Boot ::                (v3.3.1)

2024-07-22T17:30:54.374+04:00  INFO 89675 --- [tgbot.gitlab] [    Test worker] r.a.t.gitlab.command.StartCommandTest    : Starting StartCommandTest using Java 21.0.3 with PID 89675 (started by stanislav in /Users/stanislav/Documents/jobs/tgbot.gitlab)
2024-07-22T17:30:54.374+04:00  INFO 89675 --- [tgbot.gitlab] [    Test worker] r.a.t.gitlab.command.StartCommandTest    : The following 1 profile is active: "default"
2024-07-22T17:30:54.377+04:00  INFO 89675 --- [tgbot.gitlab] [    Test worker] r.a.t.gitlab.command.StartCommandTest    : Started StartCommandTest in 0.013 seconds (process running for 2.103)
]]></system-out>
  <system-err><![CDATA[]]></system-err>
</testsuite>
