<?xml version="1.0" encoding="UTF-8"?>
<testsuite name="ru.aphecoculture.tgbot.gitlab.ApplicationTests" tests="1" skipped="0" failures="0" errors="0" timestamp="2024-07-22T13:30:53" hostname="Stanislavs-MacBook-Pro.local" time="0.455">
  <properties/>
  <testcase name="contextLoads()" classname="ru.aphecoculture.tgbot.gitlab.ApplicationTests" time="0.455"/>
  <system-out><![CDATA[Standard Commons Logging discovery in action with spring-jcl: please remove commons-logging.jar from classpath in order to avoid potential conflicts
17:30:52.700 [Test worker] INFO org.springframework.test.context.support.AnnotationConfigContextLoaderUtils -- Could not detect default configuration classes for test class [ru.aphecoculture.tgbot.gitlab.ApplicationTests]: ApplicationTests does not declare any static, non-private, non-final, nested classes annotated with @Configuration.
17:30:52.755 [Test worker] INFO org.springframework.boot.test.context.SpringBootTestContextBootstrapper -- Found @SpringBootConfiguration ru.aphecoculture.tgbot.gitlab.Application for test class ru.aphecoculture.tgbot.gitlab.ApplicationTests

  .   ____          _            __ _ _
 /\\ / ___'_ __ _ _(_)_ __  __ _ \ \ \ \
( ( )\___ | '_ | '_| | '_ \/ _` | \ \ \ \
 \\/  ___)| |_)| | | | | || (_| |  ) ) ) )
  '  |____| .__|_| |_|_| |_\__, | / / / /
 =========|_|==============|___/=/_/_/_/

 :: Spring Boot ::                (v3.3.1)

2024-07-22T17:30:52.934+04:00  INFO 89675 --- [tgbot.gitlab] [    Test worker] r.a.tgbot.gitlab.ApplicationTests        : Starting ApplicationTests using Java 21.0.3 with PID 89675 (started by stanislav in /Users/stanislav/Documents/jobs/tgbot.gitlab)
2024-07-22T17:30:52.935+04:00  INFO 89675 --- [tgbot.gitlab] [    Test worker] r.a.tgbot.gitlab.ApplicationTests        : The following 1 profile is active: "default"
2024-07-22T17:30:53.290+04:00  INFO 89675 --- [tgbot.gitlab] [    Test worker] f.a.AutowiredAnnotationBeanPostProcessor : Autowired annotation is not supported on static fields: static ru.aphecoculture.tgbot.gitlab.config.properties.GitlabProperties ru.aphecoculture.tgbot.gitlab.utils.MergeRequestUtils.gitlabProperties
2024-07-22T17:30:53.897+04:00  INFO 89675 --- [tgbot.gitlab] [    Test worker] r.a.tgbot.gitlab.ApplicationTests        : Started ApplicationTests in 1.083 seconds (process running for 1.623)
]]></system-out>
  <system-err><![CDATA[WARNING: A Java agent has been loaded dynamically (/Users/stanislav/.gradle/caches/modules-2/files-2.1/net.bytebuddy/byte-buddy-agent/1.14.17/e3c251a39dc90badaf71c83427ba46840f219d8d/byte-buddy-agent-1.14.17.jar)
WARNING: If a serviceability tool is in use, please run with -XX:+EnableDynamicAgentLoading to hide this warning
WARNING: If a serviceability tool is not in use, please run with -Djdk.instrument.traceUsage for more information
WARNING: Dynamic loading of agents will be disallowed by default in a future release
]]></system-err>
</testsuite>
