<?xml version="1.0" encoding="UTF-8"?>
<testsuite name="ru.aphecoculture.tgbot.gitlab.handler.strategy.CreateReleaseNoteStrategyTest" tests="4" skipped="0" failures="0" errors="0" timestamp="2024-07-22T13:30:54" hostname="Stanislavs-MacBook-Pro.local" time="0.012">
  <properties/>
  <testcase name="processUpdate_ShouldReturnMessageWithSelectProjectButton()" classname="ru.aphecoculture.tgbot.gitlab.handler.strategy.CreateReleaseNoteStrategyTest" time="0.004"/>
  <testcase name="getUserId()" classname="ru.aphecoculture.tgbot.gitlab.handler.strategy.CreateReleaseNoteStrategyTest" time="0.002"/>
  <testcase name="getPriority()" classname="ru.aphecoculture.tgbot.gitlab.handler.strategy.CreateReleaseNoteStrategyTest" time="0.0"/>
  <testcase name="doesFollowCondition()" classname="ru.aphecoculture.tgbot.gitlab.handler.strategy.CreateReleaseNoteStrategyTest" time="0.003"/>
  <system-out><![CDATA[
  .   ____          _            __ _ _
 /\\ / ___'_ __ _ _(_)_ __  __ _ \ \ \ \
( ( )\___ | '_ | '_| | '_ \/ _` | \ \ \ \
 \\/  ___)| |_)| | | | | || (_| |  ) ) ) )
  '  |____| .__|_| |_|_| |_\__, | / / / /
 =========|_|==============|___/=/_/_/_/

 :: Spring Boot ::                (v3.3.1)

2024-07-22T17:30:54.741+04:00  INFO 89675 --- [tgbot.gitlab] [    Test worker] .a.t.g.h.s.CreateReleaseNoteStrategyTest : Starting CreateReleaseNoteStrategyTest using Java 21.0.3 with PID 89675 (started by stanislav in /Users/stanislav/Documents/jobs/tgbot.gitlab)
2024-07-22T17:30:54.741+04:00  INFO 89675 --- [tgbot.gitlab] [    Test worker] .a.t.g.h.s.CreateReleaseNoteStrategyTest : The following 1 profile is active: "default"
2024-07-22T17:30:54.765+04:00  INFO 89675 --- [tgbot.gitlab] [    Test worker] .a.t.g.h.s.CreateReleaseNoteStrategyTest : Started CreateReleaseNoteStrategyTest in 0.048 seconds (process running for 2.491)
]]></system-out>
  <system-err><![CDATA[]]></system-err>
</testsuite>
